<?xml version="1.0" encoding="UTF-8"?>
<!-- Generated by org.testng.reporters.JUnitXMLReporter -->
<testsuite ignored="1" hostname="LAPTOP-84D7O3F5" failures="0" tests="1" name="Default test" time="24.151" errors="0" timestamp="22 Jul 2022 09:04:54 GMT">
  <testcase classname="com.qa.hs.tests.LoginTest" name="signUpTest" time="24.054"/>
  <testcase classname="com.qa.hs.tests.LoginTest" name="loginTest" time="0.0">
    <ignored/>
  </testcase> <!-- loginTest -->
</testsuite> <!-- Default test -->
