<?xml version="1.0" encoding="UTF-8"?>
<testsuite xmlns:xsi="http://www.w3.org/2001/XMLSchema-instance" xsi:noNamespaceSchemaLocation="https://maven.apache.org/surefire/maven-surefire-plugin/xsd/surefire-test-report.xsd" name="com.qa.hs.tests.LoginTest" time="12.713" tests="2" errors="0" skipped="0" failures="0">
  <properties>
[...]
</properties>
  <testcase name="loginTest" classname="com.qa.hs.tests.LoginTest" time="6.922"/>
  <testcase name="signUpTest" classname="com.qa.hs.tests.LoginTest" time="4.656"/>
</testsuite>