<?xml version="1.0" encoding="UTF-8"?>
<testng-results ignored="0" total="2" passed="2" failed="0" skipped="0">
  <reporter-output>
  </reporter-output>
  <suite started-at="2022-07-26T12:12:49Z" name="Surefire suite" finished-at="2022-07-26T12:13:01Z" duration-ms="11808">
    <groups>
    </groups>
    <test started-at="2022-07-26T12:12:49Z" name="Surefire test" finished-at="2022-07-26T12:13:01Z" duration-ms="11808">
      <class name="com.qa.hs.tests.LoginTest">
        <test-method signature="loginTest()[pri:0, instance:com.qa.hs.tests.LoginTest@6e9a5ed8]" started-at="2022-07-26T12:12:49Z" name="loginTest" finished-at="2022-07-26T12:12:56Z" duration-ms="6940" status="PASS">
          <reporter-output>
          </reporter-output>
        </test-method> <!-- loginTest -->
        <test-method signature="signUpTest()[pri:0, instance:com.qa.hs.tests.LoginTest@6e9a5ed8]" started-at="2022-07-26T12:12:56Z" name="signUpTest" finished-at="2022-07-26T12:13:01Z" duration-ms="4656" status="PASS">
          <reporter-output>
          </reporter-output>
        </test-method> <!-- signUpTest -->
      </class> <!-- com.qa.hs.tests.LoginTest -->
    </test> <!-- Surefire test -->
  </suite> <!-- Surefire suite -->
</testng-results>
